t=2025-07-06T12:07:34+0000 lvl=info msg="no configuration paths supplied"
t=2025-07-06T12:07:34+0000 lvl=info msg="using configuration at default config path" path=/home/aspuser/.config/ngrok/ngrok.yml
t=2025-07-06T12:07:34+0000 lvl=info msg="open config file" path=/home/aspuser/.config/ngrok/ngrok.yml err=nil
t=2025-07-06T12:07:35+0000 lvl=info msg="starting web service" obj=web addr=127.0.0.1:4040 allow_hosts=[]
t=2025-07-06T12:07:35+0000 lvl=eror msg="failed to reconnect session" obj=tunnels.session err="authentication failed: The authtoken you specified is properly formed, but it is invalid.\nYour authtoken: 2iJjQvJdRdLGqCKvCNfvKUWg3Ci_5HWMUUa3pYSWfJtHQmEU7\nThis usually happens when:\n    - You reset your authtoken\n    - Your authtoken was for a team account that you were removed from\n    - You are using ngrok link and this credential was explicitly revoked\nGo to your ngrok dashboard and double check that your authtoken is correct:\nhttps://dashboard.ngrok.com/get-started/your-authtoken\r\n\r\nERR_NGROK_107\r\n"
t=2025-07-06T12:07:35+0000 lvl=eror msg="session closing" obj=tunnels.session err="authentication failed: The authtoken you specified is properly formed, but it is invalid.\nYour authtoken: 2iJjQvJdRdLGqCKvCNfvKUWg3Ci_5HWMUUa3pYSWfJtHQmEU7\nThis usually happens when:\n    - You reset your authtoken\n    - Your authtoken was for a team account that you were removed from\n    - You are using ngrok link and this credential was explicitly revoked\nGo to your ngrok dashboard and double check that your authtoken is correct:\nhttps://dashboard.ngrok.com/get-started/your-authtoken\r\n\r\nERR_NGROK_107\r\n"
t=2025-07-06T12:07:35+0000 lvl=info msg="received stop request" obj=app stopReq="{err:{Remote:true Inner:{Inner:0xc00004e3d0}} restart:false}"
t=2025-07-06T12:07:35+0000 lvl=eror msg="terminating with error" obj=app err="authentication failed: The authtoken you specified is properly formed, but it is invalid.\nYour authtoken: 2iJjQvJdRdLGqCKvCNfvKUWg3Ci_5HWMUUa3pYSWfJtHQmEU7\nThis usually happens when:\n    - You reset your authtoken\n    - Your authtoken was for a team account that you were removed from\n    - You are using ngrok link and this credential was explicitly revoked\nGo to your ngrok dashboard and double check that your authtoken is correct:\nhttps://dashboard.ngrok.com/get-started/your-authtoken\r\n\r\nERR_NGROK_107\r\n"
t=2025-07-06T12:07:35+0000 lvl=crit msg="command failed" err="authentication failed: The authtoken you specified is properly formed, but it is invalid.\nYour authtoken: 2iJjQvJdRdLGqCKvCNfvKUWg3Ci_5HWMUUa3pYSWfJtHQmEU7\nThis usually happens when:\n    - You reset your authtoken\n    - Your authtoken was for a team account that you were removed from\n    - You are using ngrok link and this credential was explicitly revoked\nGo to your ngrok dashboard and double check that your authtoken is correct:\nhttps://dashboard.ngrok.com/get-started/your-authtoken\r\n\r\nERR_NGROK_107\r\n"
ERROR:  authentication failed: The authtoken you specified is properly formed, but it is invalid.
ERROR:  Your authtoken: 2iJjQvJdRdLGqCKvCNfvKUWg3Ci_5HWMUUa3pYSWfJtHQmEU7
ERROR:  This usually happens when:
ERROR:      - You reset your authtoken
ERROR:      - Your authtoken was for a team account that you were removed from
ERROR:      - You are using ngrok link and this credential was explicitly revoked
ERROR:  Go to your ngrok dashboard and double check that your authtoken is correct:
ERROR:  https://dashboard.ngrok.com/get-started/your-authtoken
ERROR:  
ERROR:  ERR_NGROK_107
ERROR:  https://ngrok.com/docs/errors/err_ngrok_107
ERROR:  
