2025-07-18 14:10:22,648 - conversion_service - INFO - EbcdicConverter initialized with codepage path: /home/aspuser/app/ofasp-refactor/public/codepages
2025-07-18 14:10:22,894 - api_service - INFO - Flask application initialized with configuration
2025-07-18 14:10:22,903 - conversion_service - INFO - Loading codepage table: /home/aspuser/app/ofasp-refactor/public/codepages/ASCEBCUS.txt
2025-07-18 14:10:22,953 - conversion_service - INFO - Loaded 256 single-byte and 0 double-byte mappings
2025-07-18 14:10:22,954 - api_service - INFO - ASCII to EBCDIC conversion completed: 14 hex characters
2025-07-18 14:10:22,956 - conversion_service - INFO - Loading codepage table: /home/aspuser/app/ofasp-refactor/public/codepages/EBCASCUS.txt
2025-07-18 14:10:23,011 - conversion_service - INFO - Loaded 256 single-byte and 0 double-byte mappings
2025-07-18 14:10:23,012 - api_service - INFO - EBCDIC to ASCII conversion completed: 7 characters
2025-07-18 14:10:23,015 - conversion_service - INFO - Loading codepage table: /home/aspuser/app/ofasp-refactor/public/codepages/EBCASCJP.txt
2025-07-18 14:10:23,066 - conversion_service - INFO - Loaded 256 single-byte and 7299 double-byte mappings
2025-07-18 14:10:30,930 - conversion_service - INFO - EbcdicConverter initialized with codepage path: /home/aspuser/app/ofasp-refactor/public/codepages
2025-07-18 14:10:30,932 - api_service - INFO - Flask application initialized with configuration
2025-07-18 14:10:30,934 - api_service - INFO - Starting conversion service on 0.0.0.0:8001
2025-07-18 14:15:16,489 - conversion_service - INFO - Loading codepage table: /home/aspuser/app/ofasp-refactor/public/codepages/EBCASCUS.txt
2025-07-18 14:15:16,546 - conversion_service - INFO - Loaded 256 single-byte and 0 double-byte mappings
2025-07-18 14:15:16,547 - api_service - INFO - EBCDIC to ASCII conversion completed: 7 characters
2025-07-18 14:15:16,551 - conversion_service - INFO - Loading codepage table: /home/aspuser/app/ofasp-refactor/public/codepages/EBCASCJP.txt
2025-07-18 14:15:16,600 - conversion_service - INFO - Loaded 256 single-byte and 7299 double-byte mappings
2025-07-18 14:15:16,601 - api_service - INFO - EBCDIC to ASCII conversion completed: 72 characters
2025-07-18 14:29:16,390 - conversion_service - INFO - EbcdicConverter initialized with codepage path: /home/aspuser/app/ofasp-refactor/public/codepages
2025-07-18 14:29:16,392 - api_service - INFO - Flask application initialized with configuration
2025-07-18 14:29:16,394 - api_service - INFO - Starting conversion service on 0.0.0.0:8001
2025-07-18 14:32:11,931 - conversion_service - INFO - Loading codepage table: /home/aspuser/app/ofasp-refactor/public/codepages/EBCASCJP.txt
2025-07-18 14:32:11,982 - conversion_service - INFO - Loaded 256 single-byte and 7299 double-byte mappings
2025-07-18 14:32:11,983 - api_service - INFO - EBCDIC to ASCII conversion completed: 70 characters
2025-07-18 14:32:11,989 - api_service - INFO - EBCDIC to ASCII conversion completed: 72 characters
2025-07-18 14:32:11,992 - api_service - INFO - EBCDIC to ASCII conversion completed: 72 characters
2025-07-18 14:37:11,152 - conversion_service - INFO - EbcdicConverter initialized with codepage path: /home/aspuser/app/ofasp-refactor/public/codepages
2025-07-18 14:37:50,550 - conversion_service - INFO - EbcdicConverter initialized with codepage path: /home/aspuser/app/ofasp-refactor/public/codepages
2025-07-18 14:37:50,556 - conversion_service - INFO - Loading codepage table: /home/aspuser/app/ofasp-refactor/public/codepages/EBCASCJP.txt
2025-07-18 14:37:50,609 - conversion_service - INFO - Loaded 256 single-byte and 7299 double-byte mappings
2025-07-18 14:37:58,391 - conversion_service - INFO - EbcdicConverter initialized with codepage path: /home/aspuser/app/ofasp-refactor/public/codepages
2025-07-18 14:37:58,398 - conversion_service - INFO - Loading codepage table: /home/aspuser/app/ofasp-refactor/public/codepages/EBCASCJP.txt
2025-07-18 14:37:58,479 - conversion_service - INFO - Loaded 256 single-byte and 7299 double-byte mappings
2025-07-18 14:38:13,739 - conversion_service - INFO - EbcdicConverter initialized with codepage path: /home/aspuser/app/ofasp-refactor/public/codepages
2025-07-18 14:38:13,748 - conversion_service - INFO - Loading codepage table: /home/aspuser/app/ofasp-refactor/public/codepages/EBCASCJP.txt
2025-07-18 14:38:13,823 - conversion_service - INFO - Loaded 256 single-byte and 7299 double-byte mappings
2025-07-18 14:38:22,898 - conversion_service - INFO - EbcdicConverter initialized with codepage path: /home/aspuser/app/ofasp-refactor/public/codepages
2025-07-18 14:38:22,904 - conversion_service - INFO - Loading codepage table: /home/aspuser/app/ofasp-refactor/public/codepages/EBCASCJP.txt
2025-07-18 14:38:22,961 - conversion_service - INFO - Loaded 256 single-byte and 7299 double-byte mappings
2025-07-18 14:40:40,394 - conversion_service - INFO - EbcdicConverter initialized with codepage path: /home/aspuser/app/ofasp-refactor/public/codepages
2025-07-18 14:40:40,400 - conversion_service - INFO - Loading codepage table: /home/aspuser/app/ofasp-refactor/public/codepages/EBCASCJP.txt
2025-07-18 14:40:40,455 - conversion_service - INFO - Loaded 256 single-byte and 7299 double-byte mappings
2025-07-18 14:41:08,902 - conversion_service - INFO - EbcdicConverter initialized with codepage path: /home/aspuser/app/ofasp-refactor/public/codepages
2025-07-18 14:41:08,908 - conversion_service - INFO - Loading codepage table: /home/aspuser/app/ofasp-refactor/public/codepages/EBCASCJP.txt
2025-07-18 14:41:08,975 - conversion_service - INFO - Loaded 256 single-byte and 7299 double-byte mappings
2025-07-18 14:41:15,602 - conversion_service - INFO - EbcdicConverter initialized with codepage path: /home/aspuser/app/ofasp-refactor/public/codepages
2025-07-18 14:41:15,609 - conversion_service - INFO - Loading codepage table: /home/aspuser/app/ofasp-refactor/public/codepages/EBCASCJP.txt
2025-07-18 14:41:15,657 - conversion_service - INFO - Loaded 256 single-byte and 7299 double-byte mappings
2025-07-18 14:41:42,986 - conversion_service - INFO - EbcdicConverter initialized with codepage path: /home/aspuser/app/ofasp-refactor/public/codepages
2025-07-18 14:41:42,993 - conversion_service - INFO - Loading codepage table: /home/aspuser/app/ofasp-refactor/public/codepages/EBCASCJP.txt
2025-07-18 14:41:43,048 - conversion_service - INFO - Loaded 256 single-byte and 7299 double-byte mappings
2025-07-18 14:42:13,271 - conversion_service - INFO - EbcdicConverter initialized with codepage path: /home/aspuser/app/ofasp-refactor/public/codepages
2025-07-18 14:42:13,278 - conversion_service - INFO - Loading codepage table: /home/aspuser/app/ofasp-refactor/public/codepages/EBCASCJP.txt
2025-07-18 14:42:13,331 - conversion_service - INFO - Loaded 256 single-byte and 7299 double-byte mappings
2025-07-18 14:50:05,790 - conversion_service - INFO - EbcdicConverter initialized with codepage path: /home/aspuser/app/ofasp-refactor/public/codepages
2025-07-18 14:50:05,793 - api_service - INFO - Flask application initialized with configuration
2025-07-18 14:50:24,261 - conversion_service - INFO - EbcdicConverter initialized with codepage path: /home/aspuser/app/ofasp-refactor/public/codepages
2025-07-18 14:50:24,263 - api_service - INFO - Flask application initialized with configuration
2025-07-18 14:50:34,147 - conversion_service - INFO - EbcdicConverter initialized with codepage path: /home/aspuser/app/ofasp-refactor/public/codepages
2025-07-18 14:50:34,149 - api_service - INFO - Flask application initialized with configuration
2025-07-18 14:51:00,582 - conversion_service - INFO - EbcdicConverter initialized with codepage path: /home/aspuser/app/ofasp-refactor/public/codepages
2025-07-18 14:51:00,584 - api_service - INFO - Flask application initialized with configuration
2025-07-18 14:51:00,586 - api_service - INFO - Starting conversion service on 0.0.0.0:8001
2025-07-18 14:51:14,151 - conversion_service - INFO - EbcdicConverter initialized with codepage path: /home/aspuser/app/ofasp-refactor/public/codepages
2025-07-18 14:51:14,153 - api_service - INFO - Flask application initialized with configuration
2025-07-18 14:51:14,155 - api_service - INFO - Starting conversion service on 0.0.0.0:8001
2025-07-18 14:53:23,613 - conversion_service - INFO - EbcdicConverter initialized with codepage path: /home/aspuser/app/ofasp-refactor/public/codepages
2025-07-18 14:53:23,619 - conversion_service - INFO - Loading codepage table: /home/aspuser/app/ofasp-refactor/public/codepages/EBCASCJP.txt
2025-07-18 14:53:23,674 - conversion_service - INFO - Loaded 256 single-byte and 7299 double-byte mappings
2025-07-18 14:56:13,353 - conversion_service - INFO - Loading codepage table: /home/aspuser/app/ofasp-refactor/public/codepages/EBCASCJP.txt
2025-07-18 14:56:13,406 - conversion_service - INFO - Loaded 256 single-byte and 7299 double-byte mappings
2025-07-18 14:56:13,407 - api_service - INFO - EBCDIC to ASCII conversion completed: 80 characters
2025-07-18 14:56:19,136 - api_service - INFO - EBCDIC to ASCII conversion completed: 4 characters
2025-07-18 14:56:25,902 - api_service - INFO - EBCDIC to ASCII conversion completed: 4 characters
2025-07-18 15:04:58,244 - conversion_service - INFO - EbcdicConverter initialized with codepage path: /home/aspuser/app/ofasp-refactor/public/codepages
2025-07-18 15:04:58,255 - conversion_service - INFO - Loading codepage table: /home/aspuser/app/ofasp-refactor/public/codepages/EBCASCJP.txt
2025-07-18 15:04:58,362 - conversion_service - INFO - Loaded 256 single-byte and 7299 double-byte mappings
2025-07-18 15:09:08,239 - api_service - INFO - EBCDIC to ASCII conversion completed: 6 characters
2025-07-18 15:10:19,709 - conversion_service - INFO - EbcdicConverter initialized with codepage path: /home/aspuser/app/ofasp-refactor/public/codepages
2025-07-18 15:10:19,711 - api_service - INFO - Flask application initialized with configuration
2025-07-18 15:10:19,713 - api_service - INFO - Starting conversion service on 0.0.0.0:3003
2025-07-18 15:12:38,745 - conversion_service - INFO - Loading codepage table: /home/aspuser/app/ofasp-refactor/public/codepages/EBCASCJP.txt
2025-07-18 15:12:38,806 - conversion_service - INFO - Loaded 256 single-byte and 7299 double-byte mappings
2025-07-18 15:12:38,807 - api_service - INFO - EBCDIC to ASCII conversion completed: 6 characters
2025-07-18 15:13:40,178 - api_service - INFO - EBCDIC to ASCII conversion completed: 80 characters
2025-07-18 15:13:40,233 - api_service - INFO - EBCDIC to ASCII conversion completed: 80 characters
2025-07-18 15:13:40,245 - api_service - INFO - EBCDIC to ASCII conversion completed: 80 characters
2025-07-18 15:13:40,256 - api_service - INFO - EBCDIC to ASCII conversion completed: 80 characters
2025-07-18 15:13:40,267 - api_service - INFO - EBCDIC to ASCII conversion completed: 80 characters
2025-07-18 15:13:40,280 - api_service - INFO - EBCDIC to ASCII conversion completed: 80 characters
2025-07-18 15:13:40,291 - api_service - INFO - EBCDIC to ASCII conversion completed: 80 characters
2025-07-18 15:13:40,303 - api_service - INFO - EBCDIC to ASCII conversion completed: 80 characters
2025-07-18 15:13:40,314 - api_service - INFO - EBCDIC to ASCII conversion completed: 80 characters
2025-07-18 15:13:40,325 - api_service - INFO - EBCDIC to ASCII conversion completed: 80 characters
2025-07-18 15:13:40,335 - api_service - INFO - EBCDIC to ASCII conversion completed: 80 characters
2025-07-18 15:13:40,347 - api_service - INFO - EBCDIC to ASCII conversion completed: 80 characters
2025-07-18 15:13:40,358 - api_service - INFO - EBCDIC to ASCII conversion completed: 80 characters
2025-07-18 15:13:40,368 - api_service - INFO - EBCDIC to ASCII conversion completed: 80 characters
2025-07-18 15:13:40,380 - api_service - INFO - EBCDIC to ASCII conversion completed: 80 characters
2025-07-18 15:13:40,392 - api_service - INFO - EBCDIC to ASCII conversion completed: 80 characters
2025-07-18 15:13:40,403 - api_service - INFO - EBCDIC to ASCII conversion completed: 80 characters
2025-07-18 15:13:40,413 - api_service - INFO - EBCDIC to ASCII conversion completed: 80 characters
2025-07-18 15:13:40,424 - api_service - INFO - EBCDIC to ASCII conversion completed: 80 characters
2025-07-18 15:13:40,434 - api_service - INFO - EBCDIC to ASCII conversion completed: 80 characters
2025-07-18 15:13:40,444 - api_service - INFO - EBCDIC to ASCII conversion completed: 72 characters
2025-07-18 15:13:40,454 - api_service - INFO - EBCDIC to ASCII conversion completed: 80 characters
2025-07-18 15:13:40,465 - api_service - INFO - EBCDIC to ASCII conversion completed: 80 characters
2025-07-18 15:13:40,476 - api_service - INFO - EBCDIC to ASCII conversion completed: 80 characters
2025-07-18 15:13:40,485 - api_service - INFO - EBCDIC to ASCII conversion completed: 80 characters
2025-07-18 15:13:40,498 - api_service - INFO - EBCDIC to ASCII conversion completed: 80 characters
2025-07-18 15:13:40,512 - api_service - INFO - EBCDIC to ASCII conversion completed: 80 characters
2025-07-18 15:13:40,526 - api_service - INFO - EBCDIC to ASCII conversion completed: 80 characters
2025-07-18 15:13:40,539 - api_service - INFO - EBCDIC to ASCII conversion completed: 80 characters
2025-07-18 15:13:40,553 - api_service - INFO - EBCDIC to ASCII conversion completed: 80 characters
2025-07-18 15:13:40,567 - api_service - INFO - EBCDIC to ASCII conversion completed: 80 characters
2025-07-18 15:13:40,581 - api_service - INFO - EBCDIC to ASCII conversion completed: 80 characters
2025-07-18 15:13:40,594 - api_service - INFO - EBCDIC to ASCII conversion completed: 80 characters
2025-07-18 15:13:40,605 - api_service - INFO - EBCDIC to ASCII conversion completed: 80 characters
2025-07-18 15:13:40,615 - api_service - INFO - EBCDIC to ASCII conversion completed: 80 characters
2025-07-18 15:13:40,627 - api_service - INFO - EBCDIC to ASCII conversion completed: 80 characters
2025-07-18 15:13:40,637 - api_service - INFO - EBCDIC to ASCII conversion completed: 80 characters
2025-07-18 15:13:40,647 - api_service - INFO - EBCDIC to ASCII conversion completed: 80 characters
2025-07-18 15:13:40,658 - api_service - INFO - EBCDIC to ASCII conversion completed: 80 characters
2025-07-18 15:13:40,669 - api_service - INFO - EBCDIC to ASCII conversion completed: 80 characters
2025-07-18 15:13:40,681 - api_service - INFO - EBCDIC to ASCII conversion completed: 80 characters
2025-07-18 15:21:08,433 - api_service - INFO - EBCDIC to ASCII conversion completed: 80 characters
2025-07-18 15:21:08,492 - api_service - INFO - EBCDIC to ASCII conversion completed: 80 characters
2025-07-18 15:21:08,503 - api_service - INFO - EBCDIC to ASCII conversion completed: 80 characters
2025-07-18 15:21:08,516 - api_service - INFO - EBCDIC to ASCII conversion completed: 80 characters
2025-07-18 15:21:08,527 - api_service - INFO - EBCDIC to ASCII conversion completed: 80 characters
2025-07-18 15:21:08,538 - api_service - INFO - EBCDIC to ASCII conversion completed: 80 characters
2025-07-18 15:21:08,550 - api_service - INFO - EBCDIC to ASCII conversion completed: 80 characters
2025-07-18 15:21:08,561 - api_service - INFO - EBCDIC to ASCII conversion completed: 80 characters
2025-07-18 15:21:08,571 - api_service - INFO - EBCDIC to ASCII conversion completed: 80 characters
2025-07-18 15:21:08,583 - api_service - INFO - EBCDIC to ASCII conversion completed: 80 characters
2025-07-18 15:21:08,595 - api_service - INFO - EBCDIC to ASCII conversion completed: 80 characters
2025-07-18 15:21:08,604 - api_service - INFO - EBCDIC to ASCII conversion completed: 80 characters
2025-07-18 15:21:08,615 - api_service - INFO - EBCDIC to ASCII conversion completed: 80 characters
2025-07-18 15:21:08,627 - api_service - INFO - EBCDIC to ASCII conversion completed: 80 characters
2025-07-18 15:21:08,637 - api_service - INFO - EBCDIC to ASCII conversion completed: 80 characters
2025-07-18 15:21:08,648 - api_service - INFO - EBCDIC to ASCII conversion completed: 80 characters
2025-07-18 15:21:08,659 - api_service - INFO - EBCDIC to ASCII conversion completed: 80 characters
2025-07-18 15:21:08,669 - api_service - INFO - EBCDIC to ASCII conversion completed: 80 characters
2025-07-18 15:21:08,680 - api_service - INFO - EBCDIC to ASCII conversion completed: 76 characters
2025-07-18 15:21:08,690 - api_service - INFO - EBCDIC to ASCII conversion completed: 80 characters
2025-07-18 15:21:08,701 - api_service - INFO - EBCDIC to ASCII conversion completed: 80 characters
2025-07-18 15:21:08,711 - api_service - INFO - EBCDIC to ASCII conversion completed: 80 characters
2025-07-18 15:21:08,721 - api_service - INFO - EBCDIC to ASCII conversion completed: 80 characters
2025-07-18 15:21:08,731 - api_service - INFO - EBCDIC to ASCII conversion completed: 80 characters
2025-07-18 15:21:08,741 - api_service - INFO - EBCDIC to ASCII conversion completed: 80 characters
2025-07-18 15:21:08,751 - api_service - INFO - EBCDIC to ASCII conversion completed: 80 characters
2025-07-18 15:21:08,762 - api_service - INFO - EBCDIC to ASCII conversion completed: 80 characters
2025-07-18 15:21:08,771 - api_service - INFO - EBCDIC to ASCII conversion completed: 80 characters
2025-07-18 15:21:08,782 - api_service - INFO - EBCDIC to ASCII conversion completed: 80 characters
2025-07-18 15:21:08,792 - api_service - INFO - EBCDIC to ASCII conversion completed: 73 characters
2025-07-18 15:21:08,802 - api_service - INFO - EBCDIC to ASCII conversion completed: 80 characters
2025-07-18 15:21:08,814 - api_service - INFO - EBCDIC to ASCII conversion completed: 80 characters
2025-07-18 15:21:08,823 - api_service - INFO - EBCDIC to ASCII conversion completed: 80 characters
2025-07-20 06:44:35,971 - conversion_service - INFO - EbcdicConverter initialized with codepage path: /home/aspuser/app/ofasp-refactor/public/codepages
2025-07-20 06:44:35,982 - api_service - INFO - Flask application initialized with configuration
2025-07-20 06:44:35,987 - api_service - INFO - Starting conversion service on 0.0.0.0:8001
2025-07-20 06:47:15,501 - conversion_service - INFO - EbcdicConverter initialized with codepage path: /home/aspuser/app/ofasp-refactor/public/codepages
2025-07-20 06:47:15,505 - api_service - INFO - Flask application initialized with configuration
2025-07-20 06:47:15,509 - api_service - INFO - Starting conversion service on 0.0.0.0:8001
2025-07-20 07:04:40,558 - conversion_service - INFO - EbcdicConverter initialized with codepage path: /home/aspuser/app/ofasp-refactor/public/codepages
2025-07-20 07:04:40,561 - api_service - INFO - Flask application initialized with configuration
2025-07-20 07:04:40,565 - api_service - INFO - Starting conversion service on 0.0.0.0:3003
2025-07-20 07:13:22,356 - conversion_service - INFO - EbcdicConverter initialized with codepage path: /home/aspuser/app/ofasp-refactor/public/codepages
2025-07-20 07:13:22,358 - api_service - INFO - Flask application initialized with configuration
2025-07-20 07:13:22,362 - api_service - INFO - Starting conversion service on 0.0.0.0:3003
2025-07-20 07:19:55,561 - conversion_service - INFO - EbcdicConverter initialized with codepage path: /home/aspuser/app/ofasp-refactor/public/codepages
2025-07-20 07:19:55,564 - api_service - INFO - Flask application initialized with configuration
2025-07-20 07:19:55,567 - api_service - INFO - Starting conversion service on 0.0.0.0:3003
2025-07-20 07:40:49,773 - conversion_service - INFO - EbcdicConverter initialized with codepage path: /home/aspuser/app/ofasp-refactor/public/codepages
2025-07-20 07:40:49,775 - api_service - INFO - Flask application initialized with configuration
2025-07-20 07:40:49,780 - api_service - INFO - Starting conversion service on 0.0.0.0:3003
2025-07-20 07:44:06,773 - conversion_service - INFO - EbcdicConverter initialized with codepage path: /home/aspuser/app/ofasp-refactor/public/codepages
2025-07-20 07:44:06,775 - api_service - INFO - Flask application initialized with configuration
2025-07-20 07:44:06,778 - api_service - INFO - Starting conversion service on 0.0.0.0:3003
2025-07-21 19:00:27,488 - conversion_service - INFO - EbcdicConverter initialized with codepage path: /home/aspuser/app/ofasp-refactor/public/codepages
2025-07-21 19:00:27,491 - api_service - INFO - Flask application initialized with configuration
2025-07-21 19:00:34,299 - conversion_service - INFO - EbcdicConverter initialized with codepage path: /home/aspuser/app/ofasp-refactor/public/codepages
2025-07-21 19:00:34,301 - api_service - INFO - Flask application initialized with configuration
2025-07-23 16:00:42,876 - conversion_service - INFO - EbcdicConverter initialized with codepage path: /home/aspuser/app/ofasp-refactor/public/codepages
2025-07-23 16:00:42,880 - api_service - INFO - Flask application initialized with configuration
2025-07-23 16:10:52,633 - conversion_service - INFO - EbcdicConverter initialized with codepage path: /home/aspuser/app/ofasp-refactor/public/codepages
2025-07-23 16:10:52,636 - api_service - INFO - Flask application initialized with configuration
2025-07-25 21:58:35,261 - conversion_service - INFO - EbcdicConverter initialized with codepage path: /home/aspuser/app/ofasp-refactor/public/codepages
2025-07-25 21:58:35,264 - api_service - INFO - Flask application initialized with configuration
2025-07-25 21:58:35,267 - api_service - INFO - Starting conversion service on 0.0.0.0:8001
2025-07-28 08:38:48,479 - conversion_service - INFO - Loading codepage table: /home/aspuser/app/ofasp-refactor/public/codepages/EBCASCUS.txt
2025-07-28 08:38:48,794 - conversion_service - INFO - Loaded 256 single-byte and 0 double-byte mappings
2025-07-28 08:38:48,797 - api_service - INFO - EBCDIC to ASCII conversion completed: 5 characters
2025-07-28 08:38:53,410 - conversion_service - INFO - Loading codepage table: /home/aspuser/app/ofasp-refactor/public/codepages/ASCEBCUS.txt
2025-07-28 08:38:53,483 - conversion_service - INFO - Loaded 256 single-byte and 0 double-byte mappings
2025-07-28 08:38:53,485 - api_service - INFO - ASCII to EBCDIC conversion completed: 22 hex characters
2025-07-28 08:39:09,725 - api_service - INFO - EBCDIC to ASCII conversion completed: 5 characters
2025-07-28 09:10:50,997 - api_service - INFO - EBCDIC to ASCII conversion completed: 11 characters
2025-07-28 09:18:11,875 - api_service - INFO - EBCDIC to ASCII conversion completed: 80 characters
2025-07-28 09:19:02,142 - api_service - WARNING - Error processing file /etc/default/cacerts: [Errno 13] Permission denied: '/etc/default/cacerts'
2025-07-28 09:19:02,151 - api_service - WARNING - Error processing file /etc/gshadow: [Errno 13] Permission denied: '/etc/gshadow'
2025-07-28 09:19:02,151 - api_service - WARNING - Error processing file /etc/gshadow-: [Errno 13] Permission denied: '/etc/gshadow-'
2025-07-28 09:19:02,193 - api_service - WARNING - Error processing file /etc/security/opasswd: [Errno 13] Permission denied: '/etc/security/opasswd'
2025-07-28 09:19:02,194 - api_service - WARNING - Error processing file /etc/shadow: [Errno 13] Permission denied: '/etc/shadow'
2025-07-28 09:19:02,195 - api_service - WARNING - Error processing file /etc/shadow-: [Errno 13] Permission denied: '/etc/shadow-'
2025-07-28 09:19:02,197 - api_service - WARNING - Error processing file /etc/ssh/ssh_host_ecdsa_key: [Errno 13] Permission denied: '/etc/ssh/ssh_host_ecdsa_key'
2025-07-28 09:19:02,198 - api_service - WARNING - Error processing file /etc/ssh/ssh_host_ed25519_key: [Errno 13] Permission denied: '/etc/ssh/ssh_host_ed25519_key'
2025-07-28 09:19:02,198 - api_service - WARNING - Error processing file /etc/ssh/ssh_host_rsa_key: [Errno 13] Permission denied: '/etc/ssh/ssh_host_rsa_key'
2025-07-28 09:31:28,456 - conversion_service - INFO - Loading codepage table: /home/aspuser/app/ofasp-refactor/public/codepages/EBCASCUS.txt
2025-07-28 09:31:28,569 - conversion_service - INFO - Loaded 256 single-byte and 0 double-byte mappings
2025-07-28 09:31:28,571 - api_service - INFO - EBCDIC to ASCII conversion completed: 4 characters
