[2025-08-04 04:30:38] [JOB_SUBMITTED] Job CL_EMPREAD_CL_1754281837993 submitted successfully
[2025-08-04 04:30:40] [JOB_STARTED] Job CL_EMPREAD_CL_1754281837993 started execution
[2025-08-04 04:30:40] [JOB_INFO] Executing CL program: EMPREAD_CL
[2025-08-04 04:30:40] [JOB_STARTED] Job CL_EMPREAD_CL_1754281837993 started execution
[2025-08-04 04:30:40] [JOB_INFO] Executing CL program: EMPREAD_CL
[2025-08-04 04:30:40] [JOB_OUTPUT] [INFO] Starting CL script execution
--------------------------------------------------
[INFO] Found 1 instructions

[1/1] [EXEC] CALL PGM-TESTPGM.TESTLIB,VOL-DISK01
[CALL_TRACE] === CALL Function Start ===
[CALL_TRACE] Timestamp: 2025-08-04 04:30:40.795799
[CALL_DEBUG] Input command: 'CALL PGM-TESTPGM.TESTLIB,VOL-DISK01'
[CALL_DEBUG] PGMEC reset complete
[CALL_DEBUG] Stripped command: 'PGM-TESTPGM.TESTLIB,VOL-DISK01'
[CALL_TRACE] Starting command parsing...
[CALL_DEBUG] Parsing command string character by character...
[CALL_DEBUG] Found part: 'PGM-TESTPGM.TESTLIB'
[CALL_DEBUG] Final part: 'VOL-DISK01'
[CALL_DEBUG] Total parts found: 2
[CALL_DEBUG] Part 0: 'PGM-TESTPGM.TESTLIB'
[CALL_DEBUG] Part 1: 'VOL-DISK01'
[CALL_TRACE] Processing command parts...
[CALL_DEBUG] Processing part: 'PGM-TESTPGM.TESTLIB'
[CALL_DEBUG] PGM specification: 'TESTPGM.TESTLIB'
[CALL_DEBUG] Extracted program: 'TESTPGM', library: 'TESTLIB'
[CALL_DEBUG] Processing part: 'VOL-DISK01'
[CALL_DEBUG] Extracted volume: 'DISK01'
[CALL_DEBUG] Final parsed values:
[CALL_DEBUG] - Program: 'TESTPGM'
[CALL_DEBUG] - Library: 'TESTLIB'
[CALL_DEBUG] - Volume: 'DISK01'
[CALL_DEBUG] - Parameters: ''
[INFO] Calling program: TESTPGM
[INFO] Library: TESTLIB
[INFO] Volume: DISK01
[INFO] Parameters: None
[CALL_TRACE] Loading catalog information...
[CALL_DEBUG] Catalog loaded, checking registration...
[CALL_DEBUG] Program info retrieved: {'TYPE': 'PGM', 'PGMTYPE': 'JAVA', 'PGMNAME': 'TESTPGM', 'CLASSFILE': 'TESTPGM.class', 'DESCRIPTION': 'Employee data reader Java program', 'VERSION': '1.0', 'CREATED': '2025-07-27T02:00:00Z', 'UPDATED': '2025-07-27T02:00:00Z'}
[CALL_DEBUG] Program type: JAVA
[INFO] Program type: JAVA
[CALL_TRACE] Executing program based on type: JAVA
[CALL_DEBUG] Calling _call_java_program...
[INFO] Executing Java command: java -Dfile.encoding=UTF-8 -cp /home/aspuser/app/volume/DISK01/TESTLIB TESTPGM
[INFO] Java program executed
[INFO] Return code: 0
[CALL_DEBUG] Program execution result: True
[CALL_TRACE] === CALL Function End (success=True) ===

--------------------------------------------------
[INFO] Execution complete. Failed: 0/1

[2025-08-04 04:30:40] [JOB_INFO] CL program executed successfully
[2025-08-04 04:30:40] [JOB_COMPLETED] Job CL_EMPREAD_CL_1754281837993 completed successfully
[2025-08-04 04:30:41] [JOB_OUTPUT] [INFO] Starting CL script execution
--------------------------------------------------
[INFO] Found 1 instructions

[1/1] [EXEC] CALL PGM-TESTPGM.TESTLIB,VOL-DISK01
[CALL_TRACE] === CALL Function Start ===
[CALL_TRACE] Timestamp: 2025-08-04 04:30:40.785268
[CALL_DEBUG] Input command: 'CALL PGM-TESTPGM.TESTLIB,VOL-DISK01'
[CALL_DEBUG] PGMEC reset complete
[CALL_DEBUG] Stripped command: 'PGM-TESTPGM.TESTLIB,VOL-DISK01'
[CALL_TRACE] Starting command parsing...
[CALL_DEBUG] Parsing command string character by character...
[CALL_DEBUG] Found part: 'PGM-TESTPGM.TESTLIB'
[CALL_DEBUG] Final part: 'VOL-DISK01'
[CALL_DEBUG] Total parts found: 2
[CALL_DEBUG] Part 0: 'PGM-TESTPGM.TESTLIB'
[CALL_DEBUG] Part 1: 'VOL-DISK01'
[CALL_TRACE] Processing command parts...
[CALL_DEBUG] Processing part: 'PGM-TESTPGM.TESTLIB'
[CALL_DEBUG] PGM specification: 'TESTPGM.TESTLIB'
[CALL_DEBUG] Extracted program: 'TESTPGM', library: 'TESTLIB'
[CALL_DEBUG] Processing part: 'VOL-DISK01'
[CALL_DEBUG] Extracted volume: 'DISK01'
[CALL_DEBUG] Final parsed values:
[CALL_DEBUG] - Program: 'TESTPGM'
[CALL_DEBUG] - Library: 'TESTLIB'
[CALL_DEBUG] - Volume: 'DISK01'
[CALL_DEBUG] - Parameters: ''
[INFO] Calling program: TESTPGM
[INFO] Library: TESTLIB
[INFO] Volume: DISK01
[INFO] Parameters: None
[CALL_TRACE] Loading catalog information...
[CALL_DEBUG] Catalog loaded, checking registration...
[CALL_DEBUG] Program info retrieved: {'TYPE': 'PGM', 'PGMTYPE': 'JAVA', 'PGMNAME': 'TESTPGM', 'CLASSFILE': 'TESTPGM.class', 'DESCRIPTION': 'Employee data reader Java program', 'VERSION': '1.0', 'CREATED': '2025-07-27T02:00:00Z', 'UPDATED': '2025-07-27T02:00:00Z'}
[CALL_DEBUG] Program type: JAVA
[INFO] Program type: JAVA
[CALL_TRACE] Executing program based on type: JAVA
[CALL_DEBUG] Calling _call_java_program...
[INFO] Executing Java command: java -Dfile.encoding=UTF-8 -cp /home/aspuser/app/volume/DISK01/TESTLIB TESTPGM
[INFO] Executing job J175428183892C963: CL_EMPREAD_CL_1754281837993
[DEBUG] Looking up program info for EMPREAD_CL in catalog...
[DEBUG] Program type: CL
[DEBUG] Program info: {'TYPE': 'PGM', 'PGMTYPE': 'CL', 'PGMNAME': 'EMPREAD_CL', 'SOURCEFILE': 'EMPREAD_CL', 'DESCRIPTION': 'Employee file read CL - calls TESTPGM', 'VERSION': '1.0', 'CREATED': '2025-07-27T02:00:00Z', 'UPDATED': '2025-07-27T02:00:00Z'}
[DEBUG] Executing CL job...
[DEBUG] Job execution result: True
[DEBUG] Updating job J175428183892C963 status to COMPLETED
[INFO] Job J175428183892C963 finished in 0.21 seconds
[INFO] Java program executed
[INFO] Return code: 0
[CALL_DEBUG] Program execution result: True
[CALL_TRACE] === CALL Function End (success=True) ===

--------------------------------------------------
[INFO] Execution complete. Failed: 0/1

[2025-08-04 04:30:41] [JOB_INFO] CL program executed successfully
[2025-08-04 04:30:41] [JOB_COMPLETED] Job CL_EMPREAD_CL_1754281837993 completed successfully
